c:\users\kobayauu\documents\github\work\gtx6spservicetool\gtx6servicetool\debug\gtlib.pdb
c:\users\kobayauu\documents\github\work\gtx6spservicetool\gtx6servicetool\debug\gtlib.idb
c:\users\kobayauu\documents\github\work\gtx6spservicetool\gtlib\visualstudio\debug\sendsub.obj
c:\users\kobayauu\documents\github\work\gtx6spservicetool\gtlib\visualstudio\debug\printer.obj
c:\users\kobayauu\documents\github\work\gtx6spservicetool\gtlib\visualstudio\debug\environ.obj
c:\users\kobayauu\documents\github\work\gtx6spservicetool\gtlib\visualstudio\debug\driver.obj
c:\users\kobayauu\documents\github\work\gtx6spservicetool\gtlib\visualstudio\debug\sendmain.obj
c:\users\kobayauu\documents\github\work\gtx6spservicetool\gtlib\visualstudio\debug\option_6sp.obj
c:\users\kobayauu\documents\github\work\gtx6spservicetool\gtlib\visualstudio\debug\option_6.obj
c:\users\kobayauu\documents\github\work\gtx6spservicetool\gtlib\visualstudio\debug\info_6sp.obj
c:\users\kobayauu\documents\github\work\gtx6spservicetool\gtlib\visualstudio\debug\info_6.obj
c:\users\kobayauu\documents\github\work\gtx6spservicetool\gtlib\visualstudio\debug\comm.obj
c:\users\kobayauu\documents\github\work\gtx6spservicetool\gtlib\visualstudio\debug\gzio.obj
c:\users\kobayauu\documents\github\work\gtx6spservicetool\gtlib\visualstudio\debug\deflate.obj
c:\users\kobayauu\documents\github\work\gtx6spservicetool\gtlib\visualstudio\debug\crc32.obj
c:\users\kobayauu\documents\github\work\gtx6spservicetool\gtlib\visualstudio\debug\compress.obj
c:\users\kobayauu\documents\github\work\gtx6spservicetool\gtlib\visualstudio\debug\adler32.obj
c:\users\kobayauu\documents\github\work\gtx6spservicetool\gtlib\visualstudio\debug\pngwutil.obj
c:\users\kobayauu\documents\github\work\gtx6spservicetool\gtlib\visualstudio\debug\pngwtran.obj
c:\users\kobayauu\documents\github\work\gtx6spservicetool\gtlib\visualstudio\debug\pngwrite.obj
c:\users\kobayauu\documents\github\work\gtx6spservicetool\gtlib\visualstudio\debug\pngwio.obj
c:\users\kobayauu\documents\github\work\gtx6spservicetool\gtlib\visualstudio\debug\pngtrans.obj
c:\users\kobayauu\documents\github\work\gtx6spservicetool\gtlib\visualstudio\debug\pngset.obj
c:\users\kobayauu\documents\github\work\gtx6spservicetool\gtlib\visualstudio\debug\pngrutil.obj
c:\users\kobayauu\documents\github\work\gtx6spservicetool\gtlib\visualstudio\debug\pngrtran.obj
c:\users\kobayauu\documents\github\work\gtx6spservicetool\gtlib\visualstudio\debug\pngrio.obj
c:\users\kobayauu\documents\github\work\gtx6spservicetool\gtlib\visualstudio\debug\pngread.obj
c:\users\kobayauu\documents\github\work\gtx6spservicetool\gtlib\visualstudio\debug\pngpread.obj
c:\users\kobayauu\documents\github\work\gtx6spservicetool\gtlib\visualstudio\debug\pngmem.obj
c:\users\kobayauu\documents\github\work\gtx6spservicetool\gtlib\visualstudio\debug\pngget.obj
c:\users\kobayauu\documents\github\work\gtx6spservicetool\gtlib\visualstudio\debug\pngerror.obj
c:\users\kobayauu\documents\github\work\gtx6spservicetool\gtlib\visualstudio\debug\png.obj
c:\users\kobayauu\documents\github\work\gtx6spservicetool\gtlib\visualstudio\debug\zutil.obj
c:\users\kobayauu\documents\github\work\gtx6spservicetool\gtlib\visualstudio\debug\trees.obj
c:\users\kobayauu\documents\github\work\gtx6spservicetool\gtlib\visualstudio\debug\inftrees.obj
c:\users\kobayauu\documents\github\work\gtx6spservicetool\gtlib\visualstudio\debug\inflate.obj
c:\users\kobayauu\documents\github\work\gtx6spservicetool\gtlib\visualstudio\debug\inffast.obj
c:\users\kobayauu\documents\github\work\gtx6spservicetool\gtx6servicetool\debug\gtlib.lib
c:\users\kobayauu\documents\github\work\gtx6spservicetool\gtlib\visualstudio\debug\gtlib.tlog\cl.command.1.tlog
c:\users\kobayauu\documents\github\work\gtx6spservicetool\gtlib\visualstudio\debug\gtlib.tlog\cl.items.tlog
c:\users\kobayauu\documents\github\work\gtx6spservicetool\gtlib\visualstudio\debug\gtlib.tlog\cl.read.1.tlog
c:\users\kobayauu\documents\github\work\gtx6spservicetool\gtlib\visualstudio\debug\gtlib.tlog\cl.write.1.tlog
c:\users\kobayauu\documents\github\work\gtx6spservicetool\gtlib\visualstudio\debug\gtlib.tlog\lib-link.read.1.tlog
c:\users\kobayauu\documents\github\work\gtx6spservicetool\gtlib\visualstudio\debug\gtlib.tlog\lib-link.write.1.tlog
c:\users\kobayauu\documents\github\work\gtx6spservicetool\gtlib\visualstudio\debug\gtlib.tlog\lib.command.1.tlog
