c:\users\kobayauu\documents\github\personal_work\gtx6reversalchecktool\gtx6upgradetool\x64\debug\gtlib.pdb
c:\users\kobayauu\documents\github\personal_work\gtx6reversalchecktool\gtx6upgradetool\x64\debug\gtlib.idb
c:\users\kobayauu\documents\github\personal_work\gtx6reversalchecktool\gtlib\visualstudio\x64\debug\sendsub.obj
c:\users\kobayauu\documents\github\personal_work\gtx6reversalchecktool\gtlib\visualstudio\x64\debug\printer.obj
c:\users\kobayauu\documents\github\personal_work\gtx6reversalchecktool\gtlib\visualstudio\x64\debug\environ.obj
c:\users\kobayauu\documents\github\personal_work\gtx6reversalchecktool\gtlib\visualstudio\x64\debug\driver.obj
c:\users\kobayauu\documents\github\personal_work\gtx6reversalchecktool\gtlib\visualstudio\x64\debug\sendmain.obj
c:\users\kobayauu\documents\github\personal_work\gtx6reversalchecktool\gtlib\visualstudio\x64\debug\option_6sp.obj
c:\users\kobayauu\documents\github\personal_work\gtx6reversalchecktool\gtlib\visualstudio\x64\debug\option_6.obj
c:\users\kobayauu\documents\github\personal_work\gtx6reversalchecktool\gtlib\visualstudio\x64\debug\info_6sp.obj
c:\users\kobayauu\documents\github\personal_work\gtx6reversalchecktool\gtlib\visualstudio\x64\debug\info_6.obj
c:\users\kobayauu\documents\github\personal_work\gtx6reversalchecktool\gtlib\visualstudio\x64\debug\comm.obj
c:\users\kobayauu\documents\github\personal_work\gtx6reversalchecktool\gtlib\visualstudio\x64\debug\gzio.obj
c:\users\kobayauu\documents\github\personal_work\gtx6reversalchecktool\gtlib\visualstudio\x64\debug\deflate.obj
c:\users\kobayauu\documents\github\personal_work\gtx6reversalchecktool\gtlib\visualstudio\x64\debug\crc32.obj
c:\users\kobayauu\documents\github\personal_work\gtx6reversalchecktool\gtlib\visualstudio\x64\debug\compress.obj
c:\users\kobayauu\documents\github\personal_work\gtx6reversalchecktool\gtlib\visualstudio\x64\debug\adler32.obj
c:\users\kobayauu\documents\github\personal_work\gtx6reversalchecktool\gtlib\visualstudio\x64\debug\pngwutil.obj
c:\users\kobayauu\documents\github\personal_work\gtx6reversalchecktool\gtlib\visualstudio\x64\debug\pngwtran.obj
c:\users\kobayauu\documents\github\personal_work\gtx6reversalchecktool\gtlib\visualstudio\x64\debug\pngwrite.obj
c:\users\kobayauu\documents\github\personal_work\gtx6reversalchecktool\gtlib\visualstudio\x64\debug\pngwio.obj
c:\users\kobayauu\documents\github\personal_work\gtx6reversalchecktool\gtlib\visualstudio\x64\debug\pngtrans.obj
c:\users\kobayauu\documents\github\personal_work\gtx6reversalchecktool\gtlib\visualstudio\x64\debug\pngset.obj
c:\users\kobayauu\documents\github\personal_work\gtx6reversalchecktool\gtlib\visualstudio\x64\debug\pngrutil.obj
c:\users\kobayauu\documents\github\personal_work\gtx6reversalchecktool\gtlib\visualstudio\x64\debug\pngrtran.obj
c:\users\kobayauu\documents\github\personal_work\gtx6reversalchecktool\gtlib\visualstudio\x64\debug\pngrio.obj
c:\users\kobayauu\documents\github\personal_work\gtx6reversalchecktool\gtlib\visualstudio\x64\debug\pngread.obj
c:\users\kobayauu\documents\github\personal_work\gtx6reversalchecktool\gtlib\visualstudio\x64\debug\pngpread.obj
c:\users\kobayauu\documents\github\personal_work\gtx6reversalchecktool\gtlib\visualstudio\x64\debug\pngmem.obj
c:\users\kobayauu\documents\github\personal_work\gtx6reversalchecktool\gtlib\visualstudio\x64\debug\pngget.obj
c:\users\kobayauu\documents\github\personal_work\gtx6reversalchecktool\gtlib\visualstudio\x64\debug\pngerror.obj
c:\users\kobayauu\documents\github\personal_work\gtx6reversalchecktool\gtlib\visualstudio\x64\debug\png.obj
c:\users\kobayauu\documents\github\personal_work\gtx6reversalchecktool\gtlib\visualstudio\x64\debug\zutil.obj
c:\users\kobayauu\documents\github\personal_work\gtx6reversalchecktool\gtlib\visualstudio\x64\debug\trees.obj
c:\users\kobayauu\documents\github\personal_work\gtx6reversalchecktool\gtlib\visualstudio\x64\debug\inftrees.obj
c:\users\kobayauu\documents\github\personal_work\gtx6reversalchecktool\gtlib\visualstudio\x64\debug\inflate.obj
c:\users\kobayauu\documents\github\personal_work\gtx6reversalchecktool\gtlib\visualstudio\x64\debug\inffast.obj
c:\users\kobayauu\documents\github\personal_work\gtx6reversalchecktool\gtx6upgradetool\x64\debug\gtlib.lib
c:\users\kobayauu\documents\github\personal_work\gtx6reversalchecktool\gtlib\visualstudio\x64\debug\gtlib.tlog\cl.command.1.tlog
c:\users\kobayauu\documents\github\personal_work\gtx6reversalchecktool\gtlib\visualstudio\x64\debug\gtlib.tlog\cl.items.tlog
c:\users\kobayauu\documents\github\personal_work\gtx6reversalchecktool\gtlib\visualstudio\x64\debug\gtlib.tlog\cl.read.1.tlog
c:\users\kobayauu\documents\github\personal_work\gtx6reversalchecktool\gtlib\visualstudio\x64\debug\gtlib.tlog\cl.write.1.tlog
c:\users\kobayauu\documents\github\personal_work\gtx6reversalchecktool\gtlib\visualstudio\x64\debug\gtlib.tlog\lib-link.read.1.tlog
c:\users\kobayauu\documents\github\personal_work\gtx6reversalchecktool\gtlib\visualstudio\x64\debug\gtlib.tlog\lib-link.write.1.tlog
c:\users\kobayauu\documents\github\personal_work\gtx6reversalchecktool\gtlib\visualstudio\x64\debug\gtlib.tlog\lib.command.1.tlog
