c:\users\kobayauu\documents\gtx6resethumidfanfiltertool\gtx6resethumidfanfiltertool\release\gtlib.pdb
c:\users\kobayauu\documents\gtx6resethumidfanfiltertool\gtlib\visualstudio\release\sendsub.obj
c:\users\kobayauu\documents\gtx6resethumidfanfiltertool\gtlib\visualstudio\release\printer.obj
c:\users\kobayauu\documents\gtx6resethumidfanfiltertool\gtlib\visualstudio\release\environ.obj
c:\users\kobayauu\documents\gtx6resethumidfanfiltertool\gtlib\visualstudio\release\driver.obj
c:\users\kobayauu\documents\gtx6resethumidfanfiltertool\gtlib\visualstudio\release\sendmain.obj
c:\users\kobayauu\documents\gtx6resethumidfanfiltertool\gtlib\visualstudio\release\option_6sp.obj
c:\users\kobayauu\documents\gtx6resethumidfanfiltertool\gtlib\visualstudio\release\option_6.obj
c:\users\kobayauu\documents\gtx6resethumidfanfiltertool\gtlib\visualstudio\release\info_6sp.obj
c:\users\kobayauu\documents\gtx6resethumidfanfiltertool\gtlib\visualstudio\release\info_6.obj
c:\users\kobayauu\documents\gtx6resethumidfanfiltertool\gtlib\visualstudio\release\comm.obj
c:\users\kobayauu\documents\gtx6resethumidfanfiltertool\gtlib\visualstudio\release\gzio.obj
c:\users\kobayauu\documents\gtx6resethumidfanfiltertool\gtlib\visualstudio\release\deflate.obj
c:\users\kobayauu\documents\gtx6resethumidfanfiltertool\gtlib\visualstudio\release\crc32.obj
c:\users\kobayauu\documents\gtx6resethumidfanfiltertool\gtlib\visualstudio\release\compress.obj
c:\users\kobayauu\documents\gtx6resethumidfanfiltertool\gtlib\visualstudio\release\adler32.obj
c:\users\kobayauu\documents\gtx6resethumidfanfiltertool\gtlib\visualstudio\release\pngwutil.obj
c:\users\kobayauu\documents\gtx6resethumidfanfiltertool\gtlib\visualstudio\release\pngwtran.obj
c:\users\kobayauu\documents\gtx6resethumidfanfiltertool\gtlib\visualstudio\release\pngwrite.obj
c:\users\kobayauu\documents\gtx6resethumidfanfiltertool\gtlib\visualstudio\release\pngwio.obj
c:\users\kobayauu\documents\gtx6resethumidfanfiltertool\gtlib\visualstudio\release\pngtrans.obj
c:\users\kobayauu\documents\gtx6resethumidfanfiltertool\gtlib\visualstudio\release\pngset.obj
c:\users\kobayauu\documents\gtx6resethumidfanfiltertool\gtlib\visualstudio\release\pngrutil.obj
c:\users\kobayauu\documents\gtx6resethumidfanfiltertool\gtlib\visualstudio\release\pngrtran.obj
c:\users\kobayauu\documents\gtx6resethumidfanfiltertool\gtlib\visualstudio\release\pngrio.obj
c:\users\kobayauu\documents\gtx6resethumidfanfiltertool\gtlib\visualstudio\release\pngread.obj
c:\users\kobayauu\documents\gtx6resethumidfanfiltertool\gtlib\visualstudio\release\pngpread.obj
c:\users\kobayauu\documents\gtx6resethumidfanfiltertool\gtlib\visualstudio\release\pngmem.obj
c:\users\kobayauu\documents\gtx6resethumidfanfiltertool\gtlib\visualstudio\release\pngget.obj
c:\users\kobayauu\documents\gtx6resethumidfanfiltertool\gtlib\visualstudio\release\pngerror.obj
c:\users\kobayauu\documents\gtx6resethumidfanfiltertool\gtlib\visualstudio\release\png.obj
c:\users\kobayauu\documents\gtx6resethumidfanfiltertool\gtlib\visualstudio\release\zutil.obj
c:\users\kobayauu\documents\gtx6resethumidfanfiltertool\gtlib\visualstudio\release\trees.obj
c:\users\kobayauu\documents\gtx6resethumidfanfiltertool\gtlib\visualstudio\release\inftrees.obj
c:\users\kobayauu\documents\gtx6resethumidfanfiltertool\gtlib\visualstudio\release\inflate.obj
c:\users\kobayauu\documents\gtx6resethumidfanfiltertool\gtlib\visualstudio\release\inffast.obj
c:\users\kobayauu\documents\gtx6resethumidfanfiltertool\gtx6resethumidfanfiltertool\release\gtlib.lib
c:\users\kobayauu\documents\github\work\gtx6resethumidfanfiltertool\gtlib\visualstudio\release\adler32.obj
c:\users\kobayauu\documents\github\work\gtx6resethumidfanfiltertool\gtlib\visualstudio\release\comm.obj
c:\users\kobayauu\documents\github\work\gtx6resethumidfanfiltertool\gtlib\visualstudio\release\compress.obj
c:\users\kobayauu\documents\github\work\gtx6resethumidfanfiltertool\gtlib\visualstudio\release\crc32.obj
c:\users\kobayauu\documents\github\work\gtx6resethumidfanfiltertool\gtlib\visualstudio\release\deflate.obj
c:\users\kobayauu\documents\github\work\gtx6resethumidfanfiltertool\gtlib\visualstudio\release\driver.obj
c:\users\kobayauu\documents\github\work\gtx6resethumidfanfiltertool\gtlib\visualstudio\release\environ.obj
c:\users\kobayauu\documents\github\work\gtx6resethumidfanfiltertool\gtlib\visualstudio\release\gzio.obj
c:\users\kobayauu\documents\github\work\gtx6resethumidfanfiltertool\gtlib\visualstudio\release\inffast.obj
c:\users\kobayauu\documents\github\work\gtx6resethumidfanfiltertool\gtlib\visualstudio\release\inflate.obj
c:\users\kobayauu\documents\github\work\gtx6resethumidfanfiltertool\gtlib\visualstudio\release\info_6.obj
c:\users\kobayauu\documents\github\work\gtx6resethumidfanfiltertool\gtlib\visualstudio\release\info_6sp.obj
c:\users\kobayauu\documents\github\work\gtx6resethumidfanfiltertool\gtlib\visualstudio\release\inftrees.obj
c:\users\kobayauu\documents\github\work\gtx6resethumidfanfiltertool\gtlib\visualstudio\release\option_6.obj
c:\users\kobayauu\documents\github\work\gtx6resethumidfanfiltertool\gtlib\visualstudio\release\option_6sp.obj
c:\users\kobayauu\documents\github\work\gtx6resethumidfanfiltertool\gtlib\visualstudio\release\png.obj
c:\users\kobayauu\documents\github\work\gtx6resethumidfanfiltertool\gtlib\visualstudio\release\pngerror.obj
c:\users\kobayauu\documents\github\work\gtx6resethumidfanfiltertool\gtlib\visualstudio\release\pngget.obj
c:\users\kobayauu\documents\github\work\gtx6resethumidfanfiltertool\gtlib\visualstudio\release\pngmem.obj
c:\users\kobayauu\documents\github\work\gtx6resethumidfanfiltertool\gtlib\visualstudio\release\pngpread.obj
c:\users\kobayauu\documents\github\work\gtx6resethumidfanfiltertool\gtlib\visualstudio\release\pngread.obj
c:\users\kobayauu\documents\github\work\gtx6resethumidfanfiltertool\gtlib\visualstudio\release\pngrio.obj
c:\users\kobayauu\documents\github\work\gtx6resethumidfanfiltertool\gtlib\visualstudio\release\pngrtran.obj
c:\users\kobayauu\documents\github\work\gtx6resethumidfanfiltertool\gtlib\visualstudio\release\pngrutil.obj
c:\users\kobayauu\documents\github\work\gtx6resethumidfanfiltertool\gtlib\visualstudio\release\pngset.obj
c:\users\kobayauu\documents\github\work\gtx6resethumidfanfiltertool\gtlib\visualstudio\release\pngtrans.obj
c:\users\kobayauu\documents\github\work\gtx6resethumidfanfiltertool\gtlib\visualstudio\release\pngwio.obj
c:\users\kobayauu\documents\github\work\gtx6resethumidfanfiltertool\gtlib\visualstudio\release\pngwrite.obj
c:\users\kobayauu\documents\github\work\gtx6resethumidfanfiltertool\gtlib\visualstudio\release\pngwtran.obj
c:\users\kobayauu\documents\github\work\gtx6resethumidfanfiltertool\gtlib\visualstudio\release\pngwutil.obj
c:\users\kobayauu\documents\github\work\gtx6resethumidfanfiltertool\gtlib\visualstudio\release\printer.obj
c:\users\kobayauu\documents\github\work\gtx6resethumidfanfiltertool\gtlib\visualstudio\release\sendmain.obj
c:\users\kobayauu\documents\github\work\gtx6resethumidfanfiltertool\gtlib\visualstudio\release\sendsub.obj
c:\users\kobayauu\documents\github\work\gtx6resethumidfanfiltertool\gtlib\visualstudio\release\trees.obj
c:\users\kobayauu\documents\github\work\gtx6resethumidfanfiltertool\gtlib\visualstudio\release\zutil.obj
c:\users\kobayauu\documents\github\work\gtx6resethumidfanfiltertool\gtlib\visualstudio\release\gtlib.tlog\cl.command.1.tlog
c:\users\kobayauu\documents\github\work\gtx6resethumidfanfiltertool\gtlib\visualstudio\release\gtlib.tlog\cl.items.tlog
c:\users\kobayauu\documents\github\work\gtx6resethumidfanfiltertool\gtlib\visualstudio\release\gtlib.tlog\cl.read.1.tlog
c:\users\kobayauu\documents\github\work\gtx6resethumidfanfiltertool\gtlib\visualstudio\release\gtlib.tlog\cl.write.1.tlog
c:\users\kobayauu\documents\github\work\gtx6resethumidfanfiltertool\gtlib\visualstudio\release\gtlib.tlog\lib-link.read.1.tlog
c:\users\kobayauu\documents\github\work\gtx6resethumidfanfiltertool\gtlib\visualstudio\release\gtlib.tlog\lib-link.write.1.tlog
c:\users\kobayauu\documents\github\work\gtx6resethumidfanfiltertool\gtlib\visualstudio\release\gtlib.tlog\lib.command.1.tlog
